2024-10-30 00:52:19 xv6fs version: 0.0.11
2024-10-30 00:52:19 mount point: /home/wangfiox/Documents/hitsz-ext2-fuse/mnt
2024-10-30 00:52:19 op_initfuse init
2024-10-30 00:52:19 enter path = /
2024-10-30 00:52:19 path: %s, size: %d/1024
2024-10-30 00:52:19 leave
2024-10-30 00:52:19 enter path = /
2024-10-30 00:52:19 path: %s, size: %d/1024
2024-10-30 00:52:19 leave
2024-10-30 00:52:21 op_destroyfuse destroy
2024-10-30 00:52:36 xv6fs version: 0.0.11
2024-10-30 00:52:36 mount point: /home/wangfiox/Documents/hitsz-ext2-fuse/mnt
2024-10-30 00:52:36 op_initfuse init
2024-10-30 00:52:36 enter path = /
2024-10-30 00:52:36 path: %s, size: %d/1024
2024-10-30 00:52:36 leave
2024-10-30 00:52:39 op_destroyfuse destroy
2024-10-30 01:09:00 xv6fs version: 0.0.11
2024-10-30 01:09:00 mount point: /home/wangfiox/Documents/hitsz-ext2-fuse/mnt
2024-10-30 01:09:00 op_initfuse init
2024-10-30 01:09:00 enter path = /
2024-10-30 01:09:00 path: %s, size: %d/1024
2024-10-30 01:09:00 leave
2024-10-30 01:09:00 enter path = /
2024-10-30 01:09:00 path: %s, size: %d/1024
2024-10-30 01:09:00 leave
2024-10-30 01:09:05 op_destroyfuse destroy
2024-10-30 09:53:47 xv6fs version: 0.0.11
2024-10-30 09:53:47 mount point: /home/wangfiox/Documents/hitsz-ext2-fuse/mnt
2024-10-30 09:53:47 op_initfuse init
2024-10-30 09:53:47 enter path = /
2024-10-30 09:53:47 path: %s, size: %d/1024
2024-10-30 09:53:47 leave
2024-10-30 09:54:56 op_destroyfuse destroy
2024-10-30 09:55:02 xv6fs version: 0.0.11
2024-10-30 09:55:02 mount point: /home/wangfiox/Documents/hitsz-ext2-fuse/mnt
2024-10-30 09:55:02 op_initfuse init
2024-10-30 09:55:02 enter path = /
2024-10-30 09:55:02 path: %s, size: %d/1024
2024-10-30 09:55:02 leave
2024-10-30 09:55:04 op_destroyfuse destroy
2024-10-30 09:58:05 xv6fs version: 0.0.11
2024-10-30 09:58:05 mount point: /home/wangfiox/Documents/hitsz-ext2-fuse/mnt
2024-10-30 09:58:05 op_initfuse init
2024-10-30 09:58:05 enter path = /
2024-10-30 09:58:05 path: %s, size: %d/1024
2024-10-30 09:58:05 leave
2024-10-30 09:58:07 op_destroyfuse destroy
2024-10-30 10:35:11 xv6fs version: 0.0.11
2024-10-30 10:35:11 mount point: /home/wangfiox/Documents/hitsz-ext2-fuse/mnt
2024-10-30 10:35:11 op_initfuse init
2024-10-30 10:35:11 enter path = /
2024-10-30 10:35:11 enter path = /
2024-10-30 10:35:11 path: %s, size: %d/1024
2024-10-30 10:35:11 leave
2024-10-30 10:35:11 path: %s, size: %d/1024
2024-10-30 10:35:11 leave
2024-10-30 10:35:11 enter path = /
2024-10-30 10:35:11 path: %s, size: %d/1024
2024-10-30 10:35:11 leave
2024-10-30 10:35:15 op_destroyfuse destroy
2024-10-30 10:48:11 xv6fs version: 0.0.11
2024-10-30 10:48:11 mount point: /home/wangfiox/Documents/hitsz-ext2-fuse/mnt
2024-10-30 10:48:11 op_initfuse init
2024-10-30 10:48:11 enter path = /
2024-10-30 10:48:11 path: %s, size: %d/1024
2024-10-30 10:48:11 leave
2024-10-30 10:48:14 op_destroyfuse destroy
2024-10-30 10:55:09 xv6fs version: 0.0.11
2024-10-30 10:55:09 mount point: /home/wangfiox/Documents/hitsz-ext2-fuse/mnt
2024-10-30 10:55:09 op_initfuse init
2024-10-30 10:55:09 enter path = /
2024-10-30 10:55:09 path: %s, size: %d/1024
2024-10-30 10:55:09 leave
2024-10-30 10:55:11 op_destroyfuse destroy
2024-10-30 11:02:48 xv6fs version: 0.0.11
2024-10-30 11:02:48 mount point: /home/wangfiox/Documents/hitsz-ext2-fuse/mnt
2024-10-30 11:02:48 op_initfuse init
2024-10-30 11:02:48 enter path = /
2024-10-30 11:02:48 path: %s, size: %d/1024
2024-10-30 11:02:48 leave
2024-10-30 11:02:49 op_destroyfuse destroy
2024-10-30 11:03:44 xv6fs version: 0.0.11
2024-10-30 11:03:44 mount point: /home/wangfiox/Documents/hitsz-ext2-fuse/mnt
2024-10-30 11:03:44 op_initfuse init
2024-10-30 11:03:44 enter path = /
2024-10-30 11:03:44 path: %s, size: %d/1024
2024-10-30 11:03:44 leave
2024-10-30 11:03:45 op_destroyfuse destroy
2024-10-30 11:06:22 xv6fs version: 0.0.11
2024-10-30 11:06:22 mount point: /home/wangfiox/Documents/hitsz-ext2-fuse/mnt
2024-10-30 11:06:22 op_initfuse init
2024-10-30 11:06:22 enter path = /
2024-10-30 11:06:22 path: %s, size: %d/1024
2024-10-30 11:06:22 leave
2024-10-30 11:06:33 op_destroyfuse destroy
2024-10-30 11:07:27 xv6fs version: 0.0.11
2024-10-30 11:07:27 mount point: /home/wangfiox/Documents/hitsz-ext2-fuse/mnt
2024-10-30 11:07:27 op_initfuse init
2024-10-30 11:07:27 enter path = /
2024-10-30 11:07:27 path: %s, size: %d/1024
2024-10-30 11:07:27 leave
2024-10-30 11:07:29 op_destroyfuse destroy
2024-10-30 11:07:32 xv6fs version: 0.0.11
2024-10-30 11:07:32 mount point: /home/wangfiox/Documents/hitsz-ext2-fuse/mnt
2024-10-30 11:07:32 op_initfuse init
2024-10-30 11:07:32 enter path = /
2024-10-30 11:07:32 path: %s, size: %d/1024
2024-10-30 11:07:32 leave
2024-10-30 11:07:32 enter path = /
2024-10-30 11:07:32 path: %s, size: %d/1024
2024-10-30 11:07:32 leave
2024-10-30 11:07:39 op_destroyfuse destroy
2024-10-30 11:08:11 xv6fs version: 0.0.11
2024-10-30 11:08:11 mount point: /home/wangfiox/Documents/hitsz-ext2-fuse/mnt
2024-10-30 11:08:11 op_initfuse init
2024-10-30 11:08:11 enter path = /
2024-10-30 11:08:11 path: %s, size: %d/1024
2024-10-30 11:08:11 leave
2024-10-30 11:08:21 op_destroyfuse destroy
2024-10-30 11:23:52 xv6fs version: 0.0.11
2024-10-30 11:23:52 mount point: /home/wangfiox/Documents/hitsz-ext2-fuse/mnt
2024-10-30 11:23:52 op_initfuse init
2024-10-30 11:23:52 enter path = /
2024-10-30 11:23:52 path: %s, size: %d/1024
2024-10-30 11:23:52 leave
2024-10-30 11:24:52 op_destroyfuse destroy
2024-10-30 11:56:16 xv6fs version: 0.0.11
2024-10-30 11:56:16 mount point: /home/wangfiox/Documents/hitsz-ext2-fuse/mnt
2024-10-30 11:56:16 op_initfuse init
2024-10-30 11:56:16 enter path = /
2024-10-30 11:56:16 path: %s, size: %d/1024
2024-10-30 11:56:16 leave
2024-10-30 11:56:26 op_destroyfuse destroy
